<?xml version="1.0" encoding="UTF-8"?>
<testsuite xmlns:xsi="http://www.w3.org/2001/XMLSchema-instance" xsi:noNamespaceSchemaLocation="https://maven.apache.org/surefire/maven-surefire-plugin/xsd/surefire-test-report-3.0.xsd" version="3.0" name="PruebasBOs.AuditarTransaccionesBOTest" time="0.256" tests="14" errors="0" skipped="0" failures="0">
  <properties>
[...]
</properties>
  <testcase name="testObtenerPago" classname="PruebasBOs.AuditarTransaccionesBOTest" time="0.02">
    <system-err><![CDATA[May 16, 2026 10:58:52 PM com.mongodb.internal.diagnostics.logging.Loggers shouldUseSLF4J
WARNING: SLF4J not found on the classpath.  Logging is disabled for the 'org.mongodb.driver' component
May 16, 2026 10:58:52 PM daos.TransaccionDAO insertar
INFO: Insertando nueva transaccion con ID: AUDITAR-1
May 16, 2026 10:58:52 PM daos.TransaccionDAO insertar
INFO: Insertando nueva transaccion con ID: AUDITAR-2
May 16, 2026 10:58:52 PM daos.TransaccionDAO insertar
INFO: Insertando nueva transaccion con ID: AUDITAR-3
May 16, 2026 10:58:52 PM daos.TransaccionDAO insertar
INFO: Insertando nueva transaccion con ID: AUDITAR-4
May 16, 2026 10:58:52 PM daos.TransaccionDAO insertar
INFO: Insertando nueva transaccion con ID: AUDITAR-5
May 16, 2026 10:58:52 PM daos.TransaccionDAO buscarPorId
INFO: Buscando transaccion en Mongo con ID: AUDITAR-2
May 16, 2026 10:58:52 PM auditarTransacciones.AuditarTransaccionesBO obtenerPago
INFO: Pago obtenido para transaccion: AUDITAR-2
]]></system-err>
  </testcase>
  <testcase name="testAuditarTransaccionInconsistente" classname="PruebasBOs.AuditarTransaccionesBOTest" time="0.004">
    <system-err><![CDATA[May 16, 2026 10:58:52 PM daos.TransaccionDAO buscarPorId
INFO: Buscando transaccion en Mongo con ID: AUDITAR-4
]]></system-err>
  </testcase>
  <testcase name="testBuscarPorPaciente" classname="PruebasBOs.AuditarTransaccionesBOTest" time="0.007">
    <system-err><![CDATA[May 16, 2026 10:58:52 PM daos.TransaccionDAO buscarPorPaciente
INFO: Ejecutando busqueda con regex para paciente: Kevin
May 16, 2026 10:58:52 PM auditarTransacciones.AuditarTransaccionesBO buscarPorPaciente
INFO: Transacciones encontradas por paciente: 5
]]></system-err>
  </testcase>
  <testcase name="testObtenerDetalle" classname="PruebasBOs.AuditarTransaccionesBOTest" time="0.003">
    <system-err><![CDATA[May 16, 2026 10:58:52 PM daos.TransaccionDAO buscarPorId
INFO: Buscando transaccion en Mongo con ID: AUDITAR-1
May 16, 2026 10:58:52 PM auditarTransacciones.AuditarTransaccionesBO obtenerDetalle
INFO: Detalle obtenido para transaccion: AUDITAR-1
]]></system-err>
  </testcase>
  <testcase name="testAuditarTransaccionPagoRechazado" classname="PruebasBOs.AuditarTransaccionesBOTest" time="0.003">
    <system-err><![CDATA[May 16, 2026 10:58:52 PM daos.TransaccionDAO buscarPorId
INFO: Buscando transaccion en Mongo con ID: AUDITAR-5
]]></system-err>
  </testcase>
  <testcase name="testObtenerDetalleIdNulo" classname="PruebasBOs.AuditarTransaccionesBOTest" time="0.001"/>
  <testcase name="testMarcarPendiente" classname="PruebasBOs.AuditarTransaccionesBOTest" time="0.009">
    <system-err><![CDATA[May 16, 2026 10:58:52 PM daos.TransaccionDAO buscarPorId
INFO: Buscando transaccion en Mongo con ID: AUDITAR-3
May 16, 2026 10:58:52 PM daos.TransaccionDAO actualizarEstado
INFO: Actualizando estado en transaccion: AUDITAR-3
May 16, 2026 10:58:52 PM auditarTransacciones.AuditarTransaccionesBO marcarPendiente
INFO: Transaccion marcada como pendiente: AUDITAR-3
May 16, 2026 10:58:52 PM daos.TransaccionDAO buscarPorId
INFO: Buscando transaccion en Mongo con ID: AUDITAR-3
May 16, 2026 10:58:52 PM auditarTransacciones.AuditarTransaccionesBO obtenerDetalle
INFO: Detalle obtenido para transaccion: AUDITAR-3
]]></system-err>
  </testcase>
  <testcase name="testObtenerDetalleInexistente" classname="PruebasBOs.AuditarTransaccionesBOTest" time="0.003">
    <system-err><![CDATA[May 16, 2026 10:58:52 PM daos.TransaccionDAO buscarPorId
INFO: Buscando transaccion en Mongo con ID: Tangamandapio
]]></system-err>
  </testcase>
  <testcase name="testObtenerPagoInexistente" classname="PruebasBOs.AuditarTransaccionesBOTest" time="0.003">
    <system-err><![CDATA[May 16, 2026 10:58:52 PM daos.TransaccionDAO buscarPorId
INFO: Buscando transaccion en Mongo con ID: Tangamandapiopio
]]></system-err>
  </testcase>
  <testcase name="testContarPendientes" classname="PruebasBOs.AuditarTransaccionesBOTest" time="0.008">
    <system-err><![CDATA[May 16, 2026 10:58:52 PM daos.TransaccionDAO contarPendientes
INFO: Contando transacciones pendientes
May 16, 2026 10:58:52 PM auditarTransacciones.AuditarTransaccionesBO contarPendientes
INFO: Pendientes encontrados: 5
]]></system-err>
  </testcase>
  <testcase name="testAuditarTransaccionExito" classname="PruebasBOs.AuditarTransaccionesBOTest" time="0.01">
    <system-err><![CDATA[May 16, 2026 10:58:52 PM daos.TransaccionDAO buscarPorId
INFO: Buscando transaccion en Mongo con ID: AUDITAR-1
May 16, 2026 10:58:52 PM daos.TransaccionDAO agregarAuditoria
INFO: Insertando subdocumento de auditoria en transaccion: AUDITAR-1
May 16, 2026 10:58:52 PM auditarTransacciones.AuditarTransaccionesBO auditarTransaccion
INFO: Transaccion auditada: AUDITAR-1
May 16, 2026 10:58:52 PM daos.TransaccionDAO buscarPorId
INFO: Buscando transaccion en Mongo con ID: AUDITAR-1
May 16, 2026 10:58:52 PM auditarTransacciones.AuditarTransaccionesBO obtenerDetalle
INFO: Detalle obtenido para transaccion: AUDITAR-1
]]></system-err>
  </testcase>
  <testcase name="testBuscarPorPeriodo" classname="PruebasBOs.AuditarTransaccionesBOTest" time="0.008">
    <system-err><![CDATA[May 16, 2026 10:58:52 PM daos.TransaccionDAO buscarPorRango
INFO: Buscando transacciones por rango de fechas
May 16, 2026 10:58:52 PM auditarTransacciones.AuditarTransaccionesBO buscarPorPeriodo
INFO: Transacciones encontradas por periodo: 5
]]></system-err>
  </testcase>
  <testcase name="testBuscarPorPacienteVacio" classname="PruebasBOs.AuditarTransaccionesBOTest" time="0.003"/>
  <testcase name="testBuscarPorPeriodoFechasInvertidas" classname="PruebasBOs.AuditarTransaccionesBOTest" time="0.002"/>
</testsuite>