<?xml version="1.0" encoding="UTF-8"?>
<testsuite xmlns:xsi="http://www.w3.org/2001/XMLSchema-instance" xsi:noNamespaceSchemaLocation="https://maven.apache.org/surefire/maven-surefire-plugin/xsd/surefire-test-report-3.0.xsd" version="3.0" name="pruebasDAOS.TransaccionDAOTest" time="0.076" tests="18" errors="0" skipped="0" failures="0">
  <properties>
[...]
</properties>
  <testcase name="testBuscarPorPacienteInexistente" classname="pruebasDAOS.TransaccionDAOTest" time="0.003">
    <system-err><![CDATA[May 16, 2026 11:52:55 PM daos.TransaccionDAO buscarPorPaciente
INFO: Ejecutando busqueda con regex para paciente: Manganito Tangamandapio Parangaricutimiricuaro
]]></system-err>
  </testcase>
  <testcase name="testActualizarEstadoIdNuloLanzaExcepcion" classname="pruebasDAOS.TransaccionDAOTest" time="0.001"/>
  <testcase name="testBuscarPorPaciente" classname="pruebasDAOS.TransaccionDAOTest" time="0.017">
    <system-err><![CDATA[May 16, 2026 11:52:55 PM daos.TransaccionDAO insertar
INFO: Insertando nueva transaccion con ID: TRANSACCION-1
May 16, 2026 11:52:55 PM daos.TransaccionDAO buscarPorPaciente
INFO: Ejecutando busqueda con regex para paciente: Kevin
]]></system-err>
  </testcase>
  <testcase name="testBuscarPorIdExito" classname="pruebasDAOS.TransaccionDAOTest" time="0.003">
    <system-err><![CDATA[May 16, 2026 11:52:55 PM daos.TransaccionDAO insertar
INFO: Insertando nueva transaccion con ID: TRANSACCION-2
May 16, 2026 11:52:55 PM daos.TransaccionDAO buscarPorId
INFO: Buscando transaccion en Mongo con ID: TRANSACCION-2
]]></system-err>
  </testcase>
  <testcase name="testInsertarExito" classname="pruebasDAOS.TransaccionDAOTest" time="0.002">
    <system-err><![CDATA[May 16, 2026 11:52:55 PM daos.TransaccionDAO insertar
INFO: Insertando nueva transaccion con ID: TRANSACCION-3
]]></system-err>
  </testcase>
  <testcase name="testAgregarAuditoria" classname="pruebasDAOS.TransaccionDAOTest" time="0.005">
    <system-err><![CDATA[May 16, 2026 11:52:55 PM daos.TransaccionDAO insertar
INFO: Insertando nueva transaccion con ID: TRANSACCION-4
May 16, 2026 11:52:55 PM daos.TransaccionDAO agregarAuditoria
INFO: Insertando subdocumento de auditoria en transaccion: TRANSACCION-4
May 16, 2026 11:52:55 PM daos.TransaccionDAO buscarPorId
INFO: Buscando transaccion en Mongo con ID: TRANSACCION-4
]]></system-err>
  </testcase>
  <testcase name="testBuscarPorIdEnBlancoLanzaExcepcion" classname="pruebasDAOS.TransaccionDAOTest" time="0.001"/>
  <testcase name="testBuscarPorRango" classname="pruebasDAOS.TransaccionDAOTest" time="0.005">
    <system-err><![CDATA[May 16, 2026 11:52:55 PM daos.TransaccionDAO insertar
INFO: Insertando nueva transaccion con ID: TRANSACCION-5
May 16, 2026 11:52:55 PM daos.TransaccionDAO buscarPorRango
INFO: Buscando transacciones por rango de fechas
]]></system-err>
  </testcase>
  <testcase name="testAgregarAuditoriaIDNulosLanzaExcepcion" classname="pruebasDAOS.TransaccionDAOTest" time="0.001"/>
  <testcase name="testBuscarPorRangoNuloLanzaExcepcion" classname="pruebasDAOS.TransaccionDAOTest" time="0.001"/>
  <testcase name="testContarPendientes" classname="pruebasDAOS.TransaccionDAOTest" time="0.007">
    <system-err><![CDATA[May 16, 2026 11:52:55 PM daos.TransaccionDAO insertar
INFO: Insertando nueva transaccion con ID: TRANSACCION-6
May 16, 2026 11:52:55 PM daos.TransaccionDAO contarPendientes
INFO: Contando transacciones pendientes
]]></system-err>
  </testcase>
  <testcase name="testBuscarPorRangoSinResultados" classname="pruebasDAOS.TransaccionDAOTest" time="0.001">
    <system-err><![CDATA[May 16, 2026 11:52:55 PM daos.TransaccionDAO buscarPorRango
INFO: Buscando transacciones por rango de fechas
]]></system-err>
  </testcase>
  <testcase name="testBuscarPorPacienteMayusculasMinusculas" classname="pruebasDAOS.TransaccionDAOTest" time="0.004">
    <system-err><![CDATA[May 16, 2026 11:52:55 PM daos.TransaccionDAO insertar
INFO: Insertando nueva transaccion con ID: TRANSACCION-7
May 16, 2026 11:52:55 PM daos.TransaccionDAO buscarPorPaciente
INFO: Ejecutando busqueda con regex para paciente: kevin mendoza
]]></system-err>
  </testcase>
  <testcase name="testActualizarEstado" classname="pruebasDAOS.TransaccionDAOTest" time="0.004">
    <system-err><![CDATA[May 16, 2026 11:52:55 PM daos.TransaccionDAO insertar
INFO: Insertando nueva transaccion con ID: TRANSACCION-8
May 16, 2026 11:52:55 PM daos.TransaccionDAO actualizarEstado
INFO: Actualizando estado en transaccion: TRANSACCION-8
May 16, 2026 11:52:55 PM daos.TransaccionDAO buscarPorId
INFO: Buscando transaccion en Mongo con ID: TRANSACCION-8
]]></system-err>
  </testcase>
  <testcase name="testBuscarPorPacienteVacioLanzaExcepcion" classname="pruebasDAOS.TransaccionDAOTest" time="0.0"/>
  <testcase name="testBuscarPorIdNuloLanzaExcepcion" classname="pruebasDAOS.TransaccionDAOTest" time="0.0"/>
  <testcase name="testBuscarPorIdInexistente" classname="pruebasDAOS.TransaccionDAOTest" time="0.002">
    <system-err><![CDATA[May 16, 2026 11:52:55 PM daos.TransaccionDAO buscarPorId
INFO: Buscando transaccion en Mongo con ID: NO-EXISTE-XYZ
]]></system-err>
  </testcase>
  <testcase name="testInsertarNuloLanzaExcepcion" classname="pruebasDAOS.TransaccionDAOTest" time="0.0"/>
</testsuite>